Flow report for finalprojectmain
Fri Dec 13 21:01:30 2013
Quartus II 64-Bit Version 13.0.1 Build 232 06/12/2013 Service Pack 1 SJ Web Edition


---------------------
; Table of Contents ;
---------------------
  1. Legal Notice
  2. Flow Summary
  3. Flow Settings
  4. Flow Non-Default Global Settings
  5. Flow Elapsed Time
  6. Flow OS Summary
  7. Flow Log
  8. Flow Messages
  9. Flow Suppressed Messages



----------------
; Legal Notice ;
----------------
Copyright (C) 1991-2013 Altera Corporation
Your use of Altera Corporation's design tools, logic functions 
and other software and tools, and its AMPP partner logic 
functions, and any output files from any of the foregoing 
(including device programming or simulation files), and any 
associated documentation or information are expressly subject 
to the terms and conditions of the Altera Program License 
Subscription Agreement, Altera MegaCore Function License 
Agreement, or other applicable license agreement, including, 
without limitation, that your use is for the sole purpose of 
programming logic devices manufactured by Altera and sold by 
Altera or its authorized distributors.  Please refer to the 
applicable agreement for further details.



+--------------------------------------------------------------------------------------+
; Flow Summary                                                                         ;
+------------------------------------+-------------------------------------------------+
; Flow Status                        ; Successful - Fri Dec 13 21:01:17 2013           ;
; Quartus II 64-Bit Version          ; 13.0.1 Build 232 06/12/2013 SP 1 SJ Web Edition ;
; Revision Name                      ; finalprojectmain                                ;
; Top-level Entity Name              ; finalprojectmain                                ;
; Family                             ; Cyclone II                                      ;
; Device                             ; EP2C35F672C6                                    ;
; Timing Models                      ; Final                                           ;
; Total logic elements               ; 13,417 / 33,216 ( 40 % )                        ;
;     Total combinational functions  ; 13,329 / 33,216 ( 40 % )                        ;
;     Dedicated logic registers      ; 1,781 / 33,216 ( 5 % )                          ;
; Total registers                    ; 1781                                            ;
; Total pins                         ; 36 / 475 ( 8 % )                                ;
; Total virtual pins                 ; 0                                               ;
; Total memory bits                  ; 0 / 483,840 ( 0 % )                             ;
; Embedded Multiplier 9-bit elements ; 16 / 70 ( 23 % )                                ;
; Total PLLs                         ; 0 / 4 ( 0 % )                                   ;
+------------------------------------+-------------------------------------------------+


+-----------------------------------------+
; Flow Settings                           ;
+-------------------+---------------------+
; Option            ; Setting             ;
+-------------------+---------------------+
; Start date & time ; 12/13/2013 20:56:55 ;
; Main task         ; Compilation         ;
; Revision Name     ; finalprojectmain    ;
+-------------------+---------------------+


+---------------------------------------------------------------------------------------------------------------+
; Flow Non-Default Global Settings                                                                              ;
+-------------------------------------+------------------------------+---------------+-------------+------------+
; Assignment Name                     ; Value                        ; Default Value ; Entity Name ; Section Id ;
+-------------------------------------+------------------------------+---------------+-------------+------------+
; COMPILER_SIGNATURE_ID               ; 110480287988.138698621102812 ; --            ; --          ; --         ;
; MAX_CORE_JUNCTION_TEMP              ; 85                           ; --            ; --          ; --         ;
; MIN_CORE_JUNCTION_TEMP              ; 0                            ; --            ; --          ; --         ;
; PARTITION_COLOR                     ; 16764057                     ; --            ; --          ; Top        ;
; PARTITION_FITTER_PRESERVATION_LEVEL ; PLACEMENT_AND_ROUTING        ; --            ; --          ; Top        ;
; PARTITION_NETLIST_TYPE              ; SOURCE                       ; --            ; --          ; Top        ;
; PROJECT_OUTPUT_DIRECTORY            ; output_files                 ; --            ; --          ; --         ;
+-------------------------------------+------------------------------+---------------+-------------+------------+


+-------------------------------------------------------------------------------------------------------------------------------+
; Flow Elapsed Time                                                                                                             ;
+---------------------------+--------------+-------------------------+---------------------+------------------------------------+
; Module Name               ; Elapsed Time ; Average Processors Used ; Peak Virtual Memory ; Total CPU Time (on all processors) ;
+---------------------------+--------------+-------------------------+---------------------+------------------------------------+
; Analysis & Synthesis      ; 00:00:41     ; 1.0                     ; 578 MB              ; 00:00:36                           ;
; Fitter                    ; 00:03:20     ; 1.0                     ; 787 MB              ; 00:03:06                           ;
; Assembler                 ; 00:00:06     ; 1.0                     ; 455 MB              ; 00:00:04                           ;
; TimeQuest Timing Analyzer ; 00:00:11     ; 1.0                     ; 554 MB              ; 00:00:08                           ;
; Total                     ; 00:04:18     ; --                      ; --                  ; 00:03:54                           ;
+---------------------------+--------------+-------------------------+---------------------+------------------------------------+


+----------------------------------------------------------------------------------------+
; Flow OS Summary                                                                        ;
+---------------------------+------------------+-----------+------------+----------------+
; Module Name               ; Machine Hostname ; OS Name   ; OS Version ; Processor type ;
+---------------------------+------------------+-----------+------------+----------------+
; Analysis & Synthesis      ; CEC-EGB267-1     ; Windows 7 ; 6.1        ; x86_64         ;
; Fitter                    ; CEC-EGB267-1     ; Windows 7 ; 6.1        ; x86_64         ;
; Assembler                 ; CEC-EGB267-1     ; Windows 7 ; 6.1        ; x86_64         ;
; TimeQuest Timing Analyzer ; CEC-EGB267-1     ; Windows 7 ; 6.1        ; x86_64         ;
+---------------------------+------------------+-----------+------------+----------------+


------------
; Flow Log ;
------------
quartus_map --read_settings_files=on --write_settings_files=off finalprojectmain -c finalprojectmain
quartus_fit --read_settings_files=off --write_settings_files=off finalprojectmain -c finalprojectmain
quartus_asm --read_settings_files=off --write_settings_files=off finalprojectmain -c finalprojectmain
quartus_sta finalprojectmain -c finalprojectmain



